0 info it worked if it ends with ok
1 verbose cli [ 'D:\\Program Files\\nodejs\\node.exe',
1 verbose cli   'D:\\Program Files\\nodejs\\node_modules\\npm\\bin\\npm-cli.js',
1 verbose cli   'install',
1 verbose cli   '-g',
1 verbose cli   'fuck' ]
2 info using npm@3.10.10
3 info using node@v6.9.4
4 silly loadCurrentTree Starting
5 silly install loadCurrentTree
6 silly install readGlobalPackageData
7 silly fetchPackageMetaData fuck
8 silly fetchNamedPackageData fuck
9 silly mapToRegistry name fuck
10 silly mapToRegistry using default registry
11 silly mapToRegistry registry https://registry.npmjs.org/
12 silly mapToRegistry data Result {
12 silly mapToRegistry   raw: 'fuck',
12 silly mapToRegistry   scope: null,
12 silly mapToRegistry   escapedName: 'fuck',
12 silly mapToRegistry   name: 'fuck',
12 silly mapToRegistry   rawSpec: '',
12 silly mapToRegistry   spec: 'latest',
12 silly mapToRegistry   type: 'tag' }
13 silly mapToRegistry uri https://registry.npmjs.org/fuck
14 verbose request uri https://registry.npmjs.org/fuck
15 verbose request no auth needed
16 info attempt registry request try #1 at 11:30:21 AM
17 verbose request id e19d45fcfbe314cc
18 http request GET https://registry.npmjs.org/fuck
19 http 200 https://registry.npmjs.org/fuck
20 verbose headers { date: 'Sat, 11 Aug 2018 15:30:28 GMT',
20 verbose headers   'content-type': 'application/json; charset=UTF-8',
20 verbose headers   'transfer-encoding': 'chunked',
20 verbose headers   connection: 'keep-alive',
20 verbose headers   'set-cookie': [ '__cfduid=d0c711925041d2dceefaef13f843b01c81534001428; expires=Sun, 11-Aug-19 15:30:28 GMT; path=/; domain=.registry.npmjs.org; HttpOnly' ],
20 verbose headers   'cache-control': 'max-age=300',
20 verbose headers   'cf-cache-status': 'REVALIDATED',
20 verbose headers   'cf-ray': '448bbe5e1d3fab9c-YYZ',
20 verbose headers   etag: 'W/"16eb6ca627ccacf5974d9a1bd98eff6a"',
20 verbose headers   'expect-ct': 'max-age=604800, report-uri="https://report-uri.cloudflare.com/cdn-cgi/beacon/expect-ct"',
20 verbose headers   'last-modified': 'Sun, 27 May 2018 01:19:53 GMT',
20 verbose headers   vary: 'accept-encoding, accept',
20 verbose headers   server: 'cloudflare',
20 verbose headers   'content-encoding': 'gzip' }
21 silly get cb [ 200,
21 silly get   { date: 'Sat, 11 Aug 2018 15:30:28 GMT',
21 silly get     'content-type': 'application/json; charset=UTF-8',
21 silly get     'transfer-encoding': 'chunked',
21 silly get     connection: 'keep-alive',
21 silly get     'set-cookie': [ '__cfduid=d0c711925041d2dceefaef13f843b01c81534001428; expires=Sun, 11-Aug-19 15:30:28 GMT; path=/; domain=.registry.npmjs.org; HttpOnly' ],
21 silly get     'cache-control': 'max-age=300',
21 silly get     'cf-cache-status': 'REVALIDATED',
21 silly get     'cf-ray': '448bbe5e1d3fab9c-YYZ',
21 silly get     etag: 'W/"16eb6ca627ccacf5974d9a1bd98eff6a"',
21 silly get     'expect-ct': 'max-age=604800, report-uri="https://report-uri.cloudflare.com/cdn-cgi/beacon/expect-ct"',
21 silly get     'last-modified': 'Sun, 27 May 2018 01:19:53 GMT',
21 silly get     vary: 'accept-encoding, accept',
21 silly get     server: 'cloudflare',
21 silly get     'content-encoding': 'gzip' } ]
22 verbose get saving fuck to C:\Users\Jacob\AppData\Roaming\npm-cache\registry.npmjs.org\fuck\.cache.json
23 verbose correctMkdir C:\Users\Jacob\AppData\Roaming\npm-cache correctMkdir not in flight; initializing
24 verbose stack TypeError: Cannot convert undefined or null to object
24 verbose stack     at pickVersionFromRegistryDocument (D:\Program Files\nodejs\node_modules\npm\lib\fetch-package-metadata.js:125:29)
24 verbose stack     at D:\Program Files\nodejs\node_modules\npm\node_modules\iferr\index.js:13:50
24 verbose stack     at D:\Program Files\nodejs\node_modules\npm\lib\utils\pulse-till-done.js:20:8
24 verbose stack     at saved (D:\Program Files\nodejs\node_modules\npm\lib\cache\caching-client.js:174:7)
24 verbose stack     at D:\Program Files\nodejs\node_modules\npm\node_modules\graceful-fs\polyfills.js:241:18
24 verbose stack     at FSReqWrap.oncomplete (fs.js:123:15)
25 verbose cwd C:\Users\Jacob\Desktop\wind\coding_playground\languageAI
26 error Windows_NT 6.1.7601
27 error argv "D:\\Program Files\\nodejs\\node.exe" "D:\\Program Files\\nodejs\\node_modules\\npm\\bin\\npm-cli.js" "install" "-g" "fuck"
28 error node v6.9.4
29 error npm  v3.10.10
30 error Cannot convert undefined or null to object
31 error If you need help, you may report this error at:
31 error     <https://github.com/npm/npm/issues>
32 verbose exit [ 1, true ]
